  [1m[36m (1.7ms)[0m  [1mCREATE TABLE "schema_migrations" ("version" varchar NOT NULL) [0m
  [1m[35m (0.1ms)[0m  select sqlite_version(*)
  [1m[36m (1.6ms)[0m  [1mCREATE UNIQUE INDEX "unique_schema_migrations" ON "schema_migrations" ("version")[0m
  [1m[35mActiveRecord::SchemaMigration Load (0.1ms)[0m  SELECT "schema_migrations".* FROM "schema_migrations"


Started GET "/" for ::1 at 2015-11-17 17:47:54 -0600
Processing by Rails::WelcomeController#index as HTML
  Rendered /Users/admin/.rvm/gems/ruby-2.1.2/gems/railties-4.2.3/lib/rails/templates/rails/welcome/index.html.erb (2.8ms)
Completed 200 OK in 27ms (Views: 19.4ms | ActiveRecord: 0.0ms)
  [1m[36mActiveRecord::SchemaMigration Load (0.1ms)[0m  [1mSELECT "schema_migrations".* FROM "schema_migrations"[0m
Migrating to CreateStudents (1)
  [1m[35m (0.1ms)[0m  begin transaction
  [1m[36m (0.4ms)[0m  [1mCREATE TABLE "students" ("id" INTEGER PRIMARY KEY AUTOINCREMENT NOT NULL, "first_name" varchar, "last_name" varchar, "created_at" datetime NOT NULL, "updated_at" datetime NOT NULL) [0m
  [1m[35mSQL (0.3ms)[0m  INSERT INTO "schema_migrations" ("version") VALUES (?)  [["version", "1"]]
  [1m[36m (1.4ms)[0m  [1mcommit transaction[0m
  [1m[35mActiveRecord::SchemaMigration Load (0.1ms)[0m  SELECT "schema_migrations".* FROM "schema_migrations"
  [1m[36m (0.1ms)[0m  [1mbegin transaction[0m
  [1m[35mSQL (0.3ms)[0m  INSERT INTO "students" ("first_name", "last_name", "created_at", "updated_at") VALUES (?, ?, ?, ?)  [["first_name", "Jordan"], ["last_name", "Hudgens"], ["created_at", "2015-11-18 00:10:55.545365"], ["updated_at", "2015-11-18 00:10:55.545365"]]
  [1m[36m (2.9ms)[0m  [1mcommit transaction[0m
  [1m[35mStudent Load (0.2ms)[0m  SELECT  "students".* FROM "students"  ORDER BY "students"."id" DESC LIMIT 1
  [1m[36m (0.1ms)[0m  [1mbegin transaction[0m
  [1m[35mSQL (0.3ms)[0m  INSERT INTO "students" ("created_at", "updated_at") VALUES (?, ?)  [["created_at", "2015-11-18 00:17:49.095449"], ["updated_at", "2015-11-18 00:17:49.095449"]]
  [1m[36m (1.2ms)[0m  [1mcommit transaction[0m
  [1m[35mStudent Load (0.2ms)[0m  SELECT  "students".* FROM "students"  ORDER BY "students"."id" DESC LIMIT 1
  [1m[36mActiveRecord::SchemaMigration Load (0.1ms)[0m  [1mSELECT "schema_migrations".* FROM "schema_migrations"[0m
  [1m[35mActiveRecord::SchemaMigration Load (0.1ms)[0m  SELECT "schema_migrations".* FROM "schema_migrations"


Started GET "/" for ::1 at 2015-11-18 13:36:42 -0600
  [1m[36mActiveRecord::SchemaMigration Load (0.1ms)[0m  [1mSELECT "schema_migrations".* FROM "schema_migrations"[0m
Processing by Rails::WelcomeController#index as HTML
  Rendered /Users/admin/.rvm/gems/ruby-2.1.2/gems/railties-4.2.3/lib/rails/templates/rails/welcome/index.html.erb (2.4ms)
Completed 200 OK in 39ms (Views: 24.5ms | ActiveRecord: 0.0ms)


Started GET "/" for ::1 at 2015-11-18 13:37:10 -0600
Processing by Rails::WelcomeController#index as HTML
  Rendered /Users/admin/.rvm/gems/ruby-2.1.2/gems/railties-4.2.3/lib/rails/templates/rails/welcome/index.html.erb (0.0ms)
Completed 200 OK in 1ms (Views: 0.7ms | ActiveRecord: 0.0ms)
  [1m[36mActiveRecord::SchemaMigration Load (0.5ms)[0m  [1mSELECT "schema_migrations".* FROM "schema_migrations"[0m
  [1m[35mActiveRecord::SchemaMigration Load (0.1ms)[0m  SELECT "schema_migrations".* FROM "schema_migrations"
  [1m[36mStudent Load (0.4ms)[0m  [1mSELECT  "students".* FROM "students"  ORDER BY "students"."id" DESC LIMIT 1[0m
  [1m[35mStudent Load (0.2ms)[0m  SELECT  "students".* FROM "students"  ORDER BY "students"."id" DESC LIMIT 1
  [1m[36m (0.1ms)[0m  [1mbegin transaction[0m
  [1m[35mSQL (0.6ms)[0m  DELETE FROM "students" WHERE "students"."id" = ?  [["id", 2]]
  [1m[36m (1.6ms)[0m  [1mcommit transaction[0m
  [1m[35mStudent Load (0.2ms)[0m  SELECT "students".* FROM "students"
  [1m[35m (3.0ms)[0m  [1m[35mCREATE TABLE "ar_internal_metadata" ("key" varchar NOT NULL PRIMARY KEY, "value" varchar, "created_at" datetime NOT NULL, "updated_at" datetime NOT NULL)[0m
  [1m[36mActiveRecord::SchemaMigration Load (0.7ms)[0m  [1m[34mSELECT "schema_migrations".* FROM "schema_migrations"[0m
Migrating to CreateSchoolClasses (20201218152339)
  [1m[35m (0.1ms)[0m  [1m[36mbegin transaction[0m
  [1m[35m (0.6ms)[0m  [1m[35mCREATE TABLE "school_classes" ("id" INTEGER PRIMARY KEY AUTOINCREMENT NOT NULL, "title" varchar, "room_number" integer, "created_at" datetime NOT NULL, "updated_at" datetime NOT NULL)[0m
  [1m[35mSQL (0.4ms)[0m  [1m[32mINSERT INTO "schema_migrations" ("version") VALUES (?)[0m  [["version", "20201218152339"]]
  [1m[35m (1.1ms)[0m  [1m[36mcommit transaction[0m
  [1m[36mActiveRecord::InternalMetadata Load (0.1ms)[0m  [1m[34mSELECT  "ar_internal_metadata".* FROM "ar_internal_metadata" WHERE "ar_internal_metadata"."key" = ? LIMIT ?[0m  [["key", "environment"], ["LIMIT", 1]]
  [1m[35m (0.1ms)[0m  [1m[36mbegin transaction[0m
  [1m[35mSQL (0.6ms)[0m  [1m[32mINSERT INTO "ar_internal_metadata" ("key", "value", "created_at", "updated_at") VALUES (?, ?, ?, ?)[0m  [["key", "environment"], ["value", "development"], ["created_at", "2020-12-18 15:26:15.784319"], ["updated_at", "2020-12-18 15:26:15.784319"]]
  [1m[35m (0.9ms)[0m  [1m[36mcommit transaction[0m
  [1m[36mActiveRecord::SchemaMigration Load (0.1ms)[0m  [1m[34mSELECT "schema_migrations".* FROM "schema_migrations"[0m
Started GET "/" for ::1 at 2020-12-18 10:36:25 -0500
  [1m[36mActiveRecord::SchemaMigration Load (0.6ms)[0m  [1m[34mSELECT "schema_migrations".* FROM "schema_migrations"[0m
Processing by Rails::WelcomeController#index as HTML
  Parameters: {"internal"=>true}
  Rendering /Users/sebastianspiegel/.rvm/gems/ruby-2.6.1/gems/railties-5.0.7.2/lib/rails/templates/rails/welcome/index.html.erb
  Rendered /Users/sebastianspiegel/.rvm/gems/ruby-2.6.1/gems/railties-5.0.7.2/lib/rails/templates/rails/welcome/index.html.erb (5.5ms)
Completed 200 OK in 28ms (Views: 13.9ms | ActiveRecord: 0.0ms)


Started GET "/students" for ::1 at 2020-12-18 10:36:30 -0500
Processing by StudentsController#index as HTML
  Rendering students/index.html.erb within layouts/application
  [1m[36mStudent Load (0.8ms)[0m  [1m[34mSELECT "students".* FROM "students"[0m
  Rendered students/index.html.erb within layouts/application (21.7ms)
Completed 200 OK in 607ms (Views: 595.3ms | ActiveRecord: 2.5ms)


Started GET "/students/1" for ::1 at 2020-12-18 10:36:35 -0500
Processing by StudentsController#show as HTML
  Parameters: {"id"=>"1"}
  Rendering students/show.html.erb within layouts/application
  Rendered students/show.html.erb within layouts/application (0.5ms)
Completed 200 OK in 18ms (Views: 15.6ms | ActiveRecord: 0.0ms)


Started GET "/students/1" for ::1 at 2020-12-18 10:37:10 -0500
Processing by StudentsController#show as HTML
  Parameters: {"id"=>"1"}
  [1m[36mStudent Load (0.7ms)[0m  [1m[34mSELECT  "students".* FROM "students" WHERE "students"."id" = ? LIMIT ?[0m  [["id", 1], ["LIMIT", 1]]
  Rendering students/show.html.erb within layouts/application
  Rendered students/show.html.erb within layouts/application (0.6ms)
Completed 200 OK in 36ms (Views: 22.0ms | ActiveRecord: 1.7ms)


Started GET "/students/1" for ::1 at 2020-12-18 10:37:29 -0500
Processing by StudentsController#show as HTML
  Parameters: {"id"=>"1"}
  [1m[36mStudent Load (0.2ms)[0m  [1m[34mSELECT  "students".* FROM "students" WHERE "students"."id" = ? LIMIT ?[0m  [["id", 1], ["LIMIT", 1]]
  Rendering students/show.html.erb within layouts/application
  Rendered students/show.html.erb within layouts/application (1.2ms)
Completed 200 OK in 31ms (Views: 27.1ms | ActiveRecord: 0.2ms)


Started GET "/students/new" for ::1 at 2020-12-18 10:41:02 -0500
Processing by StudentsController#new as HTML
  Rendering students/new.html.erb within layouts/application
  Rendered students/new.html.erb within layouts/application (29.1ms)
Completed 500 Internal Server Error in 69ms (ActiveRecord: 0.0ms)


  
ActionView::Template::Error (First argument in form cannot contain nil or be empty):
    1: <%= form_for(@student) do |f| %>
    2:     <%= f.label :first_name %>
    3:     <%= f.text_field :first_name %>
    4:     <%= f.label :last_name %>
  
app/views/students/new.html.erb:1:in `_app_views_students_new_html_erb___2533524634340500986_70234825670360'
  Rendering /Users/sebastianspiegel/.rvm/gems/ruby-2.6.1/gems/actionpack-5.0.7.2/lib/action_dispatch/middleware/templates/rescues/template_error.html.erb within rescues/layout
  Rendering /Users/sebastianspiegel/.rvm/gems/ruby-2.6.1/gems/actionpack-5.0.7.2/lib/action_dispatch/middleware/templates/rescues/_source.html.erb
  Rendered /Users/sebastianspiegel/.rvm/gems/ruby-2.6.1/gems/actionpack-5.0.7.2/lib/action_dispatch/middleware/templates/rescues/_source.html.erb (5.5ms)
  Rendering /Users/sebastianspiegel/.rvm/gems/ruby-2.6.1/gems/actionpack-5.0.7.2/lib/action_dispatch/middleware/templates/rescues/_trace.html.erb
  Rendered /Users/sebastianspiegel/.rvm/gems/ruby-2.6.1/gems/actionpack-5.0.7.2/lib/action_dispatch/middleware/templates/rescues/_trace.html.erb (3.5ms)
  Rendering /Users/sebastianspiegel/.rvm/gems/ruby-2.6.1/gems/actionpack-5.0.7.2/lib/action_dispatch/middleware/templates/rescues/_request_and_response.html.erb
  Rendered /Users/sebastianspiegel/.rvm/gems/ruby-2.6.1/gems/actionpack-5.0.7.2/lib/action_dispatch/middleware/templates/rescues/_request_and_response.html.erb (1.8ms)
  Rendered /Users/sebastianspiegel/.rvm/gems/ruby-2.6.1/gems/actionpack-5.0.7.2/lib/action_dispatch/middleware/templates/rescues/template_error.html.erb within rescues/layout (45.4ms)
Started GET "/students/new" for ::1 at 2020-12-18 10:41:23 -0500
Processing by StudentsController#new as HTML
  Rendering students/new.html.erb within layouts/application
  Rendered students/new.html.erb within layouts/application (2.3ms)
Completed 500 Internal Server Error in 7ms (ActiveRecord: 0.0ms)


  
ActionView::Template::Error (First argument in form cannot contain nil or be empty):
    1: <%= form_for(@students) do |f| %>
    2:     <%= f.label :first_name %>
    3:     <%= f.text_field :first_name %>
    4:     <%= f.label :last_name %>
  
app/views/students/new.html.erb:1:in `_app_views_students_new_html_erb___2533524634340500986_70234826924960'
  Rendering /Users/sebastianspiegel/.rvm/gems/ruby-2.6.1/gems/actionpack-5.0.7.2/lib/action_dispatch/middleware/templates/rescues/template_error.html.erb within rescues/layout
  Rendering /Users/sebastianspiegel/.rvm/gems/ruby-2.6.1/gems/actionpack-5.0.7.2/lib/action_dispatch/middleware/templates/rescues/_source.html.erb
  Rendered /Users/sebastianspiegel/.rvm/gems/ruby-2.6.1/gems/actionpack-5.0.7.2/lib/action_dispatch/middleware/templates/rescues/_source.html.erb (5.2ms)
  Rendering /Users/sebastianspiegel/.rvm/gems/ruby-2.6.1/gems/actionpack-5.0.7.2/lib/action_dispatch/middleware/templates/rescues/_trace.html.erb
  Rendered /Users/sebastianspiegel/.rvm/gems/ruby-2.6.1/gems/actionpack-5.0.7.2/lib/action_dispatch/middleware/templates/rescues/_trace.html.erb (3.7ms)
  Rendering /Users/sebastianspiegel/.rvm/gems/ruby-2.6.1/gems/actionpack-5.0.7.2/lib/action_dispatch/middleware/templates/rescues/_request_and_response.html.erb
  Rendered /Users/sebastianspiegel/.rvm/gems/ruby-2.6.1/gems/actionpack-5.0.7.2/lib/action_dispatch/middleware/templates/rescues/_request_and_response.html.erb (1.2ms)
  Rendered /Users/sebastianspiegel/.rvm/gems/ruby-2.6.1/gems/actionpack-5.0.7.2/lib/action_dispatch/middleware/templates/rescues/template_error.html.erb within rescues/layout (39.4ms)
Started GET "/students/new" for ::1 at 2020-12-18 10:42:22 -0500
Processing by StudentsController#new as HTML
  Rendering students/new.html.erb within layouts/application
  Rendered students/new.html.erb within layouts/application (62.6ms)
Completed 200 OK in 140ms (Views: 115.9ms | ActiveRecord: 1.5ms)


Started GET "/students/new" for ::1 at 2020-12-18 10:42:49 -0500
Processing by StudentsController#new as HTML
  Rendering students/new.html.erb within layouts/application
  Rendered students/new.html.erb within layouts/application (3.4ms)
Completed 200 OK in 31ms (Views: 28.8ms | ActiveRecord: 0.0ms)


Started POST "/students" for ::1 at 2020-12-18 10:43:42 -0500
Processing by StudentsController#create as HTML
  Parameters: {"utf8"=>"✓", "authenticity_token"=>"GMF3nh9PeDAD9DMFvzognO9L4FNv2jHq2g/wUf8wuV+j9O5K0JSCn7ZxNrHcqYspRjfDE9L3ynGnYRJo7vLq9g==", "student"=>{"first_name"=>"Arden", "last_name"=>"Winant"}, "commit"=>"Create Student"}
No template found for StudentsController#create, rendering head :no_content
Completed 204 No Content in 50ms (ActiveRecord: 0.0ms)


Started GET "/students/new" for ::1 at 2020-12-18 10:44:03 -0500
Processing by StudentsController#new as HTML
  Rendering students/new.html.erb within layouts/application
  Rendered students/new.html.erb within layouts/application (8.0ms)
Completed 200 OK in 59ms (Views: 41.1ms | ActiveRecord: 1.7ms)


Started POST "/students" for ::1 at 2020-12-18 10:44:09 -0500
Processing by StudentsController#create as HTML
  Parameters: {"utf8"=>"✓", "authenticity_token"=>"6TVwL9yjR5SpYFfNFw29UmXTONxZoM9j1pnoCKe1HEBSAOn7E3i9OxzlUnl0nhbnzK8bnOSNNPir9woxtndP6Q==", "student"=>{"first_name"=>"Arden", "last_name"=>"Winant"}, "commit"=>"Create Student"}
Completed 500 Internal Server Error in 447808ms (ActiveRecord: 0.0ms)


  
SystemExit (exit):
  
app/controllers/students_controller.rb:17:in `create'
  Rendering /Users/sebastianspiegel/.rvm/gems/ruby-2.6.1/gems/actionpack-5.0.7.2/lib/action_dispatch/middleware/templates/rescues/diagnostics.html.erb within rescues/layout
  Rendering /Users/sebastianspiegel/.rvm/gems/ruby-2.6.1/gems/actionpack-5.0.7.2/lib/action_dispatch/middleware/templates/rescues/_source.html.erb
  Rendered /Users/sebastianspiegel/.rvm/gems/ruby-2.6.1/gems/actionpack-5.0.7.2/lib/action_dispatch/middleware/templates/rescues/_source.html.erb (104.2ms)
  Rendering /Users/sebastianspiegel/.rvm/gems/ruby-2.6.1/gems/actionpack-5.0.7.2/lib/action_dispatch/middleware/templates/rescues/_trace.html.erb
  Rendered /Users/sebastianspiegel/.rvm/gems/ruby-2.6.1/gems/actionpack-5.0.7.2/lib/action_dispatch/middleware/templates/rescues/_trace.html.erb (16.2ms)
  Rendering /Users/sebastianspiegel/.rvm/gems/ruby-2.6.1/gems/actionpack-5.0.7.2/lib/action_dispatch/middleware/templates/rescues/_request_and_response.html.erb
  Rendered /Users/sebastianspiegel/.rvm/gems/ruby-2.6.1/gems/actionpack-5.0.7.2/lib/action_dispatch/middleware/templates/rescues/_request_and_response.html.erb (10.9ms)
  Rendered /Users/sebastianspiegel/.rvm/gems/ruby-2.6.1/gems/actionpack-5.0.7.2/lib/action_dispatch/middleware/templates/rescues/diagnostics.html.erb within rescues/layout (226.4ms)
Started GET "/students" for ::1 at 2020-12-18 10:51:43 -0500
Processing by StudentsController#index as HTML
  Rendering students/index.html.erb within layouts/application
  [1m[36mStudent Load (6.9ms)[0m  [1m[34mSELECT "students".* FROM "students"[0m
  Rendered students/index.html.erb within layouts/application (58.0ms)
Completed 200 OK in 238ms (Views: 205.4ms | ActiveRecord: 10.4ms)


Started GET "/students/new" for ::1 at 2020-12-18 10:51:47 -0500
Processing by StudentsController#new as HTML
  Rendering students/new.html.erb within layouts/application
  Rendered students/new.html.erb within layouts/application (43.1ms)
Completed 200 OK in 354ms (Views: 326.8ms | ActiveRecord: 0.0ms)


Started POST "/students" for ::1 at 2020-12-18 10:51:52 -0500
Processing by StudentsController#create as HTML
  Parameters: {"utf8"=>"✓", "authenticity_token"=>"Sin1w2a9BQfjEM4yhJf64A/+jdMgWDKMZIImggupUxzxHGwXqWb/qFaVy4bnBFFVpoKuk511yRcZ7MS7GmsAtQ==", "student"=>{"first_name"=>"Arden", "last_name"=>"Winant"}, "commit"=>"Create Student"}
  [1m[35m (0.4ms)[0m  [1m[36mbegin transaction[0m
  [1m[35mSQL (4.9ms)[0m  [1m[32mINSERT INTO "students" ("first_name", "last_name", "created_at", "updated_at") VALUES (?, ?, ?, ?)[0m  [["first_name", "Arden"], ["last_name", "Winant"], ["created_at", "2020-12-18 15:51:52.679079"], ["updated_at", "2020-12-18 15:51:52.679079"]]
  [1m[35m (1.5ms)[0m  [1m[36mcommit transaction[0m
Redirected to http://localhost:3000/students/3
Completed 302 Found in 46ms (ActiveRecord: 6.8ms)


Started GET "/students/3" for ::1 at 2020-12-18 10:51:52 -0500
Processing by StudentsController#show as HTML
  Parameters: {"id"=>"3"}
  [1m[36mStudent Load (1.1ms)[0m  [1m[34mSELECT  "students".* FROM "students" WHERE "students"."id" = ? LIMIT ?[0m  [["id", 3], ["LIMIT", 1]]
  Rendering students/show.html.erb within layouts/application
  Rendered students/show.html.erb within layouts/application (1.5ms)
Completed 200 OK in 183ms (Views: 152.3ms | ActiveRecord: 1.1ms)


Started GET "/students/3/edit" for ::1 at 2020-12-18 10:53:08 -0500
Processing by StudentsController#edit as HTML
  Parameters: {"id"=>"3"}
  [1m[36mStudent Load (1.1ms)[0m  [1m[34mSELECT  "students".* FROM "students" WHERE "students"."id" = ? LIMIT ?[0m  [["id", 3], ["LIMIT", 1]]
  Rendering students/edit.html.erb within layouts/application
  Rendered students/edit.html.erb within layouts/application (37.2ms)
Completed 200 OK in 286ms (Views: 193.8ms | ActiveRecord: 4.5ms)


Started PATCH "/students/3" for ::1 at 2020-12-18 10:53:15 -0500
Processing by StudentsController#update as HTML
  Parameters: {"utf8"=>"✓", "authenticity_token"=>"P9CS5JJd632CiYpNKP2/KLLF5UhErtej7DP68CG1x0+E5QswXYYR0jcMj/lLbhSdG7nGCPmDLDiRXRjJMHeU5g==", "student"=>{"first_name"=>"Arden", "last_name"=>"Winent"}, "commit"=>"Update Student", "id"=>"3"}
No template found for StudentsController#update, rendering head :no_content
Completed 204 No Content in 51ms (ActiveRecord: 0.0ms)


Started GET "/students/3/edit" for ::1 at 2020-12-18 10:55:07 -0500
Processing by StudentsController#edit as HTML
  Parameters: {"id"=>"3"}
  [1m[36mStudent Load (0.7ms)[0m  [1m[34mSELECT  "students".* FROM "students" WHERE "students"."id" = ? LIMIT ?[0m  [["id", 3], ["LIMIT", 1]]
  Rendering students/edit.html.erb within layouts/application
  Rendered students/edit.html.erb within layouts/application (35.1ms)
Completed 200 OK in 282ms (Views: 190.4ms | ActiveRecord: 4.9ms)


Started PATCH "/students/3" for ::1 at 2020-12-18 10:55:12 -0500
Processing by StudentsController#update as HTML
  Parameters: {"utf8"=>"✓", "authenticity_token"=>"ZejcHol2Yo64zL4ZCBXWRSlss0bCrprWQtgyMAqchAfe3UXKRq2YIQ1Ju61rhn3wgBCQBn+DYU0/ttAJG17Xrg==", "student"=>{"first_name"=>"Arden", "last_name"=>"Winent"}, "commit"=>"Update Student", "id"=>"3"}
  [1m[36mStudent Load (0.4ms)[0m  [1m[34mSELECT  "students".* FROM "students" WHERE "students"."id" = ? LIMIT ?[0m  [["id", 3], ["LIMIT", 1]]
  [1m[35m (0.4ms)[0m  [1m[36mbegin transaction[0m
  [1m[35mSQL (4.8ms)[0m  [1m[33mUPDATE "students" SET "last_name" = ?, "updated_at" = ? WHERE "students"."id" = ?[0m  [["last_name", "Winent"], ["updated_at", "2020-12-18 15:55:12.444537"], ["id", 3]]
  [1m[35m (1.7ms)[0m  [1m[36mcommit transaction[0m
Redirected to http://localhost:3000/students/3
Completed 302 Found in 50ms (ActiveRecord: 7.3ms)


Started GET "/students/3" for ::1 at 2020-12-18 10:55:12 -0500
Processing by StudentsController#show as HTML
  Parameters: {"id"=>"3"}
  [1m[36mStudent Load (0.7ms)[0m  [1m[34mSELECT  "students".* FROM "students" WHERE "students"."id" = ? LIMIT ?[0m  [["id", 3], ["LIMIT", 1]]
  Rendering students/show.html.erb within layouts/application
  Rendered students/show.html.erb within layouts/application (1.9ms)
Completed 200 OK in 172ms (Views: 160.1ms | ActiveRecord: 0.7ms)


Started GET "/students" for ::1 at 2020-12-18 11:01:10 -0500
  [1m[36mActiveRecord::SchemaMigration Load (0.6ms)[0m  [1m[34mSELECT "schema_migrations".* FROM "schema_migrations"[0m
Processing by StudentsController#index as HTML
  Rendering students/index.html.erb within layouts/application
  [1m[36mStudent Load (0.6ms)[0m  [1m[34mSELECT "students".* FROM "students"[0m
  Rendered students/index.html.erb within layouts/application (14.3ms)
Completed 200 OK in 375ms (Views: 357.9ms | ActiveRecord: 1.3ms)


Started GET "/school_classes" for ::1 at 2020-12-18 11:01:12 -0500
Processing by SchoolClassesController#index as HTML
  Rendering school_classes/index.html.erb within layouts/application
  Rendered school_classes/index.html.erb within layouts/application (1.2ms)
Completed 500 Internal Server Error in 12ms (ActiveRecord: 0.0ms)


  
SyntaxError (/Users/sebastianspiegel/Desktop/Flatiron/Week-8/rails-form_for-lab/app/views/school_classes/index.html.erb:3: syntax error, unexpected class, expecting '|'
... @school_classes.each do |class| 
...                          ^~~~~
/Users/sebastianspiegel/Desktop/Flatiron/Week-8/rails-form_for-lab/app/views/school_classes/index.html.erb:6: syntax error, unexpected ensure, expecting end-of-input
          ensure
          ^~~~~~):
  
app/views/school_classes/index.html.erb:3: syntax error, unexpected class, expecting '|'
app/views/school_classes/index.html.erb:6: syntax error, unexpected ensure, expecting end-of-input
  Rendering /Users/sebastianspiegel/.rvm/gems/ruby-2.6.1/gems/actionpack-5.0.7.2/lib/action_dispatch/middleware/templates/rescues/diagnostics.html.erb within rescues/layout
  Rendering /Users/sebastianspiegel/.rvm/gems/ruby-2.6.1/gems/actionpack-5.0.7.2/lib/action_dispatch/middleware/templates/rescues/_source.html.erb
  Rendered /Users/sebastianspiegel/.rvm/gems/ruby-2.6.1/gems/actionpack-5.0.7.2/lib/action_dispatch/middleware/templates/rescues/_source.html.erb (6.8ms)
  Rendering /Users/sebastianspiegel/.rvm/gems/ruby-2.6.1/gems/actionpack-5.0.7.2/lib/action_dispatch/middleware/templates/rescues/_trace.html.erb
  Rendered /Users/sebastianspiegel/.rvm/gems/ruby-2.6.1/gems/actionpack-5.0.7.2/lib/action_dispatch/middleware/templates/rescues/_trace.html.erb (3.3ms)
  Rendering /Users/sebastianspiegel/.rvm/gems/ruby-2.6.1/gems/actionpack-5.0.7.2/lib/action_dispatch/middleware/templates/rescues/_request_and_response.html.erb
  Rendered /Users/sebastianspiegel/.rvm/gems/ruby-2.6.1/gems/actionpack-5.0.7.2/lib/action_dispatch/middleware/templates/rescues/_request_and_response.html.erb (1.1ms)
  Rendered /Users/sebastianspiegel/.rvm/gems/ruby-2.6.1/gems/actionpack-5.0.7.2/lib/action_dispatch/middleware/templates/rescues/diagnostics.html.erb within rescues/layout (43.8ms)
Started GET "/school_classes" for ::1 at 2020-12-18 11:02:48 -0500
Processing by SchoolClassesController#index as HTML
  Rendering school_classes/index.html.erb within layouts/application
  Rendered school_classes/index.html.erb within layouts/application (0.9ms)
Completed 500 Internal Server Error in 13ms (ActiveRecord: 0.0ms)


  
SyntaxError (/Users/sebastianspiegel/Desktop/Flatiron/Week-8/rails-form_for-lab/app/views/school_classes/index.html.erb:3: syntax error, unexpected class, expecting '|'
... @school_classes.each do |class| 
...                          ^~~~~
/Users/sebastianspiegel/Desktop/Flatiron/Week-8/rails-form_for-lab/app/views/school_classes/index.html.erb:4: syntax error, unexpected '.'
..._buffer.append=( link_to class.title, school_class_path(clas...
...                              ^
/Users/sebastianspiegel/Desktop/Flatiron/Week-8/rails-form_for-lab/app/views/school_classes/index.html.erb:4: syntax error, unexpected ')'
...title, school_class_path(class) );@output_buffer.safe_append...
...                              ^
/Users/sebastianspiegel/Desktop/Flatiron/Week-8/rails-form_for-lab/app/views/school_classes/index.html.erb:5: syntax error, unexpected end, expecting ')'
'.freeze; end ;@output_buffer.to_s
          ^~~
/Users/sebastianspiegel/Desktop/Flatiron/Week-8/rails-form_for-lab/app/views/school_classes/index.html.erb:6: syntax error, unexpected ensure, expecting ')'
          ensure
          ^~~~~~
/Users/sebastianspiegel/Desktop/Flatiron/Week-8/rails-form_for-lab/app/views/school_classes/index.html.erb:8: syntax error, unexpected end, expecting ')'
          end
          ^~~):
  
app/views/school_classes/index.html.erb:3: syntax error, unexpected class, expecting '|'
app/views/school_classes/index.html.erb:4: syntax error, unexpected '.'
app/views/school_classes/index.html.erb:4: syntax error, unexpected ')'
app/views/school_classes/index.html.erb:5: syntax error, unexpected end, expecting ')'
app/views/school_classes/index.html.erb:6: syntax error, unexpected ensure, expecting ')'
app/views/school_classes/index.html.erb:8: syntax error, unexpected end, expecting ')'
  Rendering /Users/sebastianspiegel/.rvm/gems/ruby-2.6.1/gems/actionpack-5.0.7.2/lib/action_dispatch/middleware/templates/rescues/diagnostics.html.erb within rescues/layout
  Rendering /Users/sebastianspiegel/.rvm/gems/ruby-2.6.1/gems/actionpack-5.0.7.2/lib/action_dispatch/middleware/templates/rescues/_source.html.erb
  Rendered /Users/sebastianspiegel/.rvm/gems/ruby-2.6.1/gems/actionpack-5.0.7.2/lib/action_dispatch/middleware/templates/rescues/_source.html.erb (4.9ms)
  Rendering /Users/sebastianspiegel/.rvm/gems/ruby-2.6.1/gems/actionpack-5.0.7.2/lib/action_dispatch/middleware/templates/rescues/_trace.html.erb
  Rendered /Users/sebastianspiegel/.rvm/gems/ruby-2.6.1/gems/actionpack-5.0.7.2/lib/action_dispatch/middleware/templates/rescues/_trace.html.erb (2.6ms)
  Rendering /Users/sebastianspiegel/.rvm/gems/ruby-2.6.1/gems/actionpack-5.0.7.2/lib/action_dispatch/middleware/templates/rescues/_request_and_response.html.erb
  Rendered /Users/sebastianspiegel/.rvm/gems/ruby-2.6.1/gems/actionpack-5.0.7.2/lib/action_dispatch/middleware/templates/rescues/_request_and_response.html.erb (1.0ms)
  Rendered /Users/sebastianspiegel/.rvm/gems/ruby-2.6.1/gems/actionpack-5.0.7.2/lib/action_dispatch/middleware/templates/rescues/diagnostics.html.erb within rescues/layout (31.8ms)
Started GET "/school_classes" for ::1 at 2020-12-18 11:04:56 -0500
Processing by SchoolClassesController#index as HTML
  Rendering school_classes/index.html.erb within layouts/application
  [1m[36mSchoolClass Load (1.4ms)[0m  [1m[34mSELECT "school_classes".* FROM "school_classes"[0m
  Rendered school_classes/index.html.erb within layouts/application (16.8ms)
Completed 200 OK in 69ms (Views: 61.7ms | ActiveRecord: 2.3ms)


Started GET "/school_classes/new" for ::1 at 2020-12-18 11:10:41 -0500
Processing by SchoolClassesController#new as HTML
  Rendering school_classes/new.html.erb within layouts/application
  Rendered school_classes/new.html.erb within layouts/application (44.9ms)
Completed 200 OK in 106ms (Views: 80.1ms | ActiveRecord: 1.6ms)


Started POST "/school_classes" for ::1 at 2020-12-18 11:10:48 -0500
Processing by SchoolClassesController#create as HTML
  Parameters: {"utf8"=>"✓", "authenticity_token"=>"X36S9OFkTVQFjWF5WTybcA0b0WBKCAIAbDFwOgu4BWnkSwsgLr+3+7AIZM06rzDFpGfyIPcl+ZsRX5IDGnpWwA==", "school_class"=>{"title"=>"Biology", "room_number"=>"12"}, "commit"=>"Create School class"}
  [1m[35m (0.1ms)[0m  [1m[36mbegin transaction[0m
  [1m[35mSQL (4.5ms)[0m  [1m[32mINSERT INTO "school_classes" ("title", "room_number", "created_at", "updated_at") VALUES (?, ?, ?, ?)[0m  [["title", "Biology"], ["room_number", 12], ["created_at", "2020-12-18 16:10:48.263108"], ["updated_at", "2020-12-18 16:10:48.263108"]]
  [1m[35m (2.0ms)[0m  [1m[36mcommit transaction[0m
Redirected to http://localhost:3000/school_classes/1
Completed 302 Found in 14ms (ActiveRecord: 6.6ms)


Started GET "/school_classes/1" for ::1 at 2020-12-18 11:10:48 -0500
Processing by SchoolClassesController#show as HTML
  Parameters: {"id"=>"1"}
Completed 500 Internal Server Error in 12ms (ActiveRecord: 0.0ms)


  
NameError (undefined local variable or method `id' for #<SchoolClassesController:0x00007fa9818879d0>):
  
app/controllers/school_classes_controller.rb:8:in `show'
  Rendering /Users/sebastianspiegel/.rvm/gems/ruby-2.6.1/gems/actionpack-5.0.7.2/lib/action_dispatch/middleware/templates/rescues/diagnostics.html.erb within rescues/layout
  Rendering /Users/sebastianspiegel/.rvm/gems/ruby-2.6.1/gems/actionpack-5.0.7.2/lib/action_dispatch/middleware/templates/rescues/_source.html.erb
  Rendered /Users/sebastianspiegel/.rvm/gems/ruby-2.6.1/gems/actionpack-5.0.7.2/lib/action_dispatch/middleware/templates/rescues/_source.html.erb (4.0ms)
  Rendering /Users/sebastianspiegel/.rvm/gems/ruby-2.6.1/gems/actionpack-5.0.7.2/lib/action_dispatch/middleware/templates/rescues/_trace.html.erb
  Rendered /Users/sebastianspiegel/.rvm/gems/ruby-2.6.1/gems/actionpack-5.0.7.2/lib/action_dispatch/middleware/templates/rescues/_trace.html.erb (2.7ms)
  Rendering /Users/sebastianspiegel/.rvm/gems/ruby-2.6.1/gems/actionpack-5.0.7.2/lib/action_dispatch/middleware/templates/rescues/_request_and_response.html.erb
  Rendered /Users/sebastianspiegel/.rvm/gems/ruby-2.6.1/gems/actionpack-5.0.7.2/lib/action_dispatch/middleware/templates/rescues/_request_and_response.html.erb (1.6ms)
  Rendered /Users/sebastianspiegel/.rvm/gems/ruby-2.6.1/gems/actionpack-5.0.7.2/lib/action_dispatch/middleware/templates/rescues/diagnostics.html.erb within rescues/layout (37.3ms)
Started GET "/school_classes/1" for ::1 at 2020-12-18 11:11:06 -0500
Processing by SchoolClassesController#show as HTML
  Parameters: {"id"=>"1"}
  [1m[36mSchoolClass Load (0.2ms)[0m  [1m[34mSELECT  "school_classes".* FROM "school_classes" WHERE "school_classes"."id" = ? LIMIT ?[0m  [["id", 1], ["LIMIT", 1]]
  Rendering school_classes/show.html.erb within layouts/application
  Rendered school_classes/show.html.erb within layouts/application (0.7ms)
Completed 200 OK in 46ms (Views: 25.9ms | ActiveRecord: 1.1ms)


Started GET "/school_classes" for ::1 at 2020-12-18 11:11:11 -0500
Processing by SchoolClassesController#index as HTML
  Rendering school_classes/index.html.erb within layouts/application
  [1m[36mSchoolClass Load (0.2ms)[0m  [1m[34mSELECT "school_classes".* FROM "school_classes"[0m
  Rendered school_classes/index.html.erb within layouts/application (2.2ms)
Completed 200 OK in 29ms (Views: 25.9ms | ActiveRecord: 0.2ms)


Started GET "/school_classes/1" for ::1 at 2020-12-18 11:11:12 -0500
Processing by SchoolClassesController#show as HTML
  Parameters: {"id"=>"1"}
  [1m[36mSchoolClass Load (0.2ms)[0m  [1m[34mSELECT  "school_classes".* FROM "school_classes" WHERE "school_classes"."id" = ? LIMIT ?[0m  [["id", 1], ["LIMIT", 1]]
  Rendering school_classes/show.html.erb within layouts/application
  Rendered school_classes/show.html.erb within layouts/application (1.1ms)
Completed 200 OK in 100ms (Views: 96.5ms | ActiveRecord: 0.2ms)


Started GET "/school_classes/1/edit" for ::1 at 2020-12-18 11:12:23 -0500
Processing by SchoolClassesController#edit as HTML
  Parameters: {"id"=>"1"}
  [1m[36mSchoolClass Load (0.3ms)[0m  [1m[34mSELECT  "school_classes".* FROM "school_classes" WHERE "school_classes"."id" = ? LIMIT ?[0m  [["id", 1], ["LIMIT", 1]]
  Rendering school_classes/edit.html.erb within layouts/application
  Rendered school_classes/edit.html.erb within layouts/application (8.0ms)
Completed 200 OK in 66ms (Views: 38.0ms | ActiveRecord: 1.9ms)


Started PATCH "/school_classes/1" for ::1 at 2020-12-18 11:13:18 -0500
Processing by SchoolClassesController#update as HTML
  Parameters: {"utf8"=>"✓", "authenticity_token"=>"vILNE7lwEnLAOoAgguN/PcxpJpCO4TuEt16aN6x69wIHt1THdqvo3XW/hZThcNSIZRUF0DPMwB/KMHgOvbikqw==", "school_class"=>{"title"=>"Biology", "room_number"=>"13"}, "commit"=>"Update School class", "id"=>"1"}
  [1m[36mSchoolClass Load (0.2ms)[0m  [1m[34mSELECT  "school_classes".* FROM "school_classes" WHERE "school_classes"."id" = ? LIMIT ?[0m  [["id", 1], ["LIMIT", 1]]
  [1m[35m (0.1ms)[0m  [1m[36mbegin transaction[0m
  [1m[35mSQL (3.2ms)[0m  [1m[33mUPDATE "school_classes" SET "room_number" = ?, "updated_at" = ? WHERE "school_classes"."id" = ?[0m  [["room_number", 13], ["updated_at", "2020-12-18 16:13:18.167613"], ["id", 1]]
  [1m[35m (1.7ms)[0m  [1m[36mcommit transaction[0m
Redirected to http://localhost:3000/school_classes/1
Completed 302 Found in 24ms (ActiveRecord: 6.5ms)


Started GET "/school_classes/1" for ::1 at 2020-12-18 11:13:18 -0500
Processing by SchoolClassesController#show as HTML
  Parameters: {"id"=>"1"}
  [1m[36mSchoolClass Load (0.2ms)[0m  [1m[34mSELECT  "school_classes".* FROM "school_classes" WHERE "school_classes"."id" = ? LIMIT ?[0m  [["id", 1], ["LIMIT", 1]]
  Rendering school_classes/show.html.erb within layouts/application
  Rendered school_classes/show.html.erb within layouts/application (1.1ms)
Completed 200 OK in 41ms (Views: 38.0ms | ActiveRecord: 0.2ms)


